2022-03-29 00:21:34.972 [restartedMain] INFO  c.t.confluence.xmlrpc.ConfluenceXmlrpcApplication - Starting ConfluenceXmlrpcApplication using Java 11.0.12 on lryouweitang.local with PID 12416 (/Users/terwer/Documents/workspace/confluence-xmlrpc/target/classes started by terwer in /Users/terwer/Documents/workspace/confluence-xmlrpc)
2022-03-29 00:21:34.973 [restartedMain] INFO  c.t.confluence.xmlrpc.ConfluenceXmlrpcApplication - No active profile set, falling back to 1 default profile: "default"
2022-03-29 00:21:35.005 [restartedMain] INFO  o.s.b.d.env.DevToolsPropertyDefaultsPostProcessor - Devtools property defaults active! Set 'spring.devtools.add-properties' to 'false' to disable
2022-03-29 00:21:35.005 [restartedMain] INFO  o.s.b.d.env.DevToolsPropertyDefaultsPostProcessor - For additional web related logging consider setting the 'logging.level.web' property to 'DEBUG'
2022-03-29 00:21:35.673 [restartedMain] INFO  o.s.boot.web.embedded.tomcat.TomcatWebServer - Tomcat initialized with port(s): 8091 (http)
2022-03-29 00:21:35.674 [restartedMain] INFO  org.apache.catalina.core.AprLifecycleListener - Loaded Apache Tomcat Native library [1.2.31] using APR version [1.7.0].
2022-03-29 00:21:35.674 [restartedMain] INFO  org.apache.catalina.core.AprLifecycleListener - APR capabilities: IPv6 [true], sendfile [true], accept filters [false], random [true], UDS [true].
2022-03-29 00:21:35.674 [restartedMain] INFO  org.apache.catalina.core.AprLifecycleListener - APR/OpenSSL configuration: useAprConnector [false], useOpenSSL [true]
2022-03-29 00:21:35.676 [restartedMain] INFO  org.apache.catalina.core.AprLifecycleListener - OpenSSL successfully initialized [OpenSSL 1.1.1m  14 Dec 2021]
2022-03-29 00:21:35.682 [restartedMain] INFO  org.apache.coyote.http11.Http11NioProtocol - Initializing ProtocolHandler ["http-nio-8091"]
2022-03-29 00:21:35.682 [restartedMain] INFO  org.apache.catalina.core.StandardService - Starting service [Tomcat]
2022-03-29 00:21:35.682 [restartedMain] INFO  org.apache.catalina.core.StandardEngine - Starting Servlet engine: [Apache Tomcat/9.0.60]
2022-03-29 00:21:35.718 [restartedMain] INFO  o.a.c.core.ContainerBase.[Tomcat].[localhost].[/] - Initializing Spring embedded WebApplicationContext
2022-03-29 00:21:35.719 [restartedMain] INFO  o.s.b.w.s.c.ServletWebServerApplicationContext - Root WebApplicationContext: initialization completed in 713 ms
2022-03-29 00:21:35.887 [restartedMain] TRACE o.s.w.s.m.m.a.RequestMappingHandlerMapping - 
	o.s.b.a.w.s.e.BasicErrorController:
	{ [/error], produces [text/html]}: errorHtml(HttpServletRequest,HttpServletResponse)
	{ [/error]}: error(HttpServletRequest)
2022-03-29 00:21:35.890 [restartedMain] DEBUG o.s.w.s.m.m.a.RequestMappingHandlerMapping - 2 mappings in 'requestMappingHandlerMapping'
2022-03-29 00:21:35.994 [restartedMain] INFO  o.s.b.d.autoconfigure.OptionalLiveReloadServer - LiveReload server is running on port 35729
2022-03-29 00:21:36.007 [restartedMain] INFO  org.apache.coyote.http11.Http11NioProtocol - Starting ProtocolHandler ["http-nio-8091"]
2022-03-29 00:21:36.026 [restartedMain] INFO  o.s.boot.web.embedded.tomcat.TomcatWebServer - Tomcat started on port(s): 8091 (http) with context path ''
2022-03-29 00:21:36.036 [restartedMain] INFO  c.t.confluence.xmlrpc.ConfluenceXmlrpcApplication - Started ConfluenceXmlrpcApplication in 1.413 seconds (JVM running for 2.116)
2022-03-29 00:22:40.720 [main] INFO  c.t.c.xmlrpc.ConfluenceXmlrpcApplicationTests - Starting ConfluenceXmlrpcApplicationTests using Java 11.0.12 on lryouweitang.local with PID 12537 (started by terwer in /Users/terwer/Documents/workspace/confluence-xmlrpc)
2022-03-29 00:22:40.721 [main] INFO  c.t.c.xmlrpc.ConfluenceXmlrpcApplicationTests - No active profile set, falling back to 1 default profile: "default"
2022-03-29 00:22:41.678 [main] TRACE o.s.w.s.m.m.a.RequestMappingHandlerMapping - 
	o.s.b.a.w.s.e.BasicErrorController:
	{ [/error], produces [text/html]}: errorHtml(HttpServletRequest,HttpServletResponse)
	{ [/error]}: error(HttpServletRequest)
2022-03-29 00:22:41.682 [main] DEBUG o.s.w.s.m.m.a.RequestMappingHandlerMapping - 2 mappings in 'requestMappingHandlerMapping'
2022-03-29 00:22:41.813 [main] INFO  c.t.c.xmlrpc.ConfluenceXmlrpcApplicationTests - Started ConfluenceXmlrpcApplicationTests in 1.486 seconds (JVM running for 2.295)
2022-03-29 01:41:39.402 [main] INFO  c.t.c.xmlrpc.ConfluenceXmlrpcApplicationTests - Starting ConfluenceXmlrpcApplicationTests using Java 11.0.12 on lryouweitang.local with PID 8987 (started by terwer in /Users/terwer/Documents/workspace/confluence-xmlrpc)
2022-03-29 01:41:39.403 [main] INFO  c.t.c.xmlrpc.ConfluenceXmlrpcApplicationTests - No active profile set, falling back to 1 default profile: "default"
2022-03-29 01:41:40.621 [main] TRACE o.s.w.s.m.m.a.RequestMappingHandlerMapping - 
	o.s.b.a.w.s.e.BasicErrorController:
	{ [/error], produces [text/html]}: errorHtml(HttpServletRequest,HttpServletResponse)
	{ [/error]}: error(HttpServletRequest)
2022-03-29 01:41:40.624 [main] DEBUG o.s.w.s.m.m.a.RequestMappingHandlerMapping - 2 mappings in 'requestMappingHandlerMapping'
2022-03-29 01:41:40.749 [main] INFO  c.t.c.xmlrpc.ConfluenceXmlrpcApplicationTests - Started ConfluenceXmlrpcApplicationTests in 1.911 seconds (JVM running for 3.045)
